<?xml version="1.0" encoding="UTF-8"?>
<testsuite name="com.codegym.tikistore.TikiStoreApplicationTests" tests="1" skipped="0" failures="0" errors="0" timestamp="2025-04-05T16:19:05" hostname="TSC123" time="0.917">
  <properties/>
  <testcase name="contextLoads()" classname="com.codegym.tikistore.TikiStoreApplicationTests" time="0.917"/>
  <system-out><![CDATA[23:18:51.956 [Test worker] INFO org.springframework.test.context.support.AnnotationConfigContextLoaderUtils -- Could not detect default configuration classes for test class [com.codegym.tikistore.TikiStoreApplicationTests]: TikiStoreApplicationTests does not declare any static, non-private, non-final, nested classes annotated with @Configuration.
23:18:52.159 [Test worker] INFO org.springframework.boot.test.context.SpringBootTestContextBootstrapper -- Found @SpringBootConfiguration com.codegym.tikistore.TikiStoreApplication for test class com.codegym.tikistore.TikiStoreApplicationTests

  .   ____          _            __ _ _
 /\\ / ___'_ __ _ _(_)_ __  __ _ \ \ \ \
( ( )\___ | '_ | '_| | '_ \/ _` | \ \ \ \
 \\/  ___)| |_)| | | | | || (_| |  ) ) ) )
  '  |____| .__|_| |_|_| |_\__, | / / / /
 =========|_|==============|___/=/_/_/_/
 :: Spring Boot ::                (v3.2.1)

2025-04-05T23:18:52.895+07:00  INFO 1864 --- [    Test worker] c.c.tikistore.TikiStoreApplicationTests  : Starting TikiStoreApplicationTests using Java 21.0.6 with PID 1864 (started by ADMIN in D:\Documents\Projects\E-commerce-api)
2025-04-05T23:18:52.895+07:00  INFO 1864 --- [    Test worker] c.c.tikistore.TikiStoreApplicationTests  : No active profile set, falling back to 1 default profile: "default"
2025-04-05T23:18:55.732+07:00  INFO 1864 --- [    Test worker] .s.d.r.c.RepositoryConfigurationDelegate : Bootstrapping Spring Data JPA repositories in DEFAULT mode.
2025-04-05T23:18:55.935+07:00  INFO 1864 --- [    Test worker] .s.d.r.c.RepositoryConfigurationDelegate : Finished Spring Data repository scanning in 185 ms. Found 14 JPA repository interfaces.
2025-04-05T23:18:56.862+07:00  INFO 1864 --- [    Test worker] com.zaxxer.hikari.HikariDataSource       : HikariPool-1 - Starting...
2025-04-05T23:18:57.520+07:00  INFO 1864 --- [    Test worker] com.zaxxer.hikari.pool.HikariPool        : HikariPool-1 - Added connection com.mysql.cj.jdbc.ConnectionImpl@1e406cbe
2025-04-05T23:18:57.520+07:00  INFO 1864 --- [    Test worker] com.zaxxer.hikari.HikariDataSource       : HikariPool-1 - Start completed.
2025-04-05T23:18:57.720+07:00  INFO 1864 --- [    Test worker] o.f.c.internal.license.VersionPrinter    : Flyway Community Edition 9.22.3 by Redgate
2025-04-05T23:18:57.720+07:00  INFO 1864 --- [    Test worker] o.f.c.internal.license.VersionPrinter    : See release notes here: https://rd.gt/416ObMi
2025-04-05T23:18:57.720+07:00  INFO 1864 --- [    Test worker] o.f.c.internal.license.VersionPrinter    : 
2025-04-05T23:18:57.777+07:00  INFO 1864 --- [    Test worker] org.flywaydb.core.FlywayExecutor         : Database: jdbc:mysql://localhost:3306/tikistore (MySQL 8.0)
2025-04-05T23:18:57.903+07:00  INFO 1864 --- [    Test worker] o.f.core.internal.command.DbValidate     : Successfully validated 13 migrations (execution time 00:00.093s)
2025-04-05T23:18:57.934+07:00  INFO 1864 --- [    Test worker] o.f.core.internal.command.DbMigrate      : Current version of schema `tikistore`: 1.12
2025-04-05T23:18:57.950+07:00  INFO 1864 --- [    Test worker] o.f.core.internal.command.DbMigrate      : Schema `tikistore` is up to date. No migration necessary.
2025-04-05T23:18:58.119+07:00  INFO 1864 --- [    Test worker] o.hibernate.jpa.internal.util.LogHelper  : HHH000204: Processing PersistenceUnitInfo [name: default]
2025-04-05T23:18:58.229+07:00  INFO 1864 --- [    Test worker] org.hibernate.Version                    : HHH000412: Hibernate ORM core version 6.4.1.Final
2025-04-05T23:18:58.307+07:00  INFO 1864 --- [    Test worker] o.h.c.internal.RegionFactoryInitiator    : HHH000026: Second-level cache disabled
2025-04-05T23:18:58.746+07:00  INFO 1864 --- [    Test worker] o.s.o.j.p.SpringPersistenceUnitInfo      : No LoadTimeWeaver setup: ignoring JPA class transformer
2025-04-05T23:18:58.840+07:00  WARN 1864 --- [    Test worker] org.hibernate.orm.deprecation            : HHH90000025: MySQLDialect does not need to be specified explicitly using 'hibernate.dialect' (remove the property setting and it will be selected by default)
2025-04-05T23:19:01.282+07:00  INFO 1864 --- [    Test worker] o.h.e.t.j.p.i.JtaPlatformInitiator       : HHH000489: No JTA platform available (set 'hibernate.transaction.jta.platform' to enable JTA platform integration)
2025-04-05T23:19:01.565+07:00  INFO 1864 --- [    Test worker] j.LocalContainerEntityManagerFactoryBean : Initialized JPA EntityManagerFactory for persistence unit 'default'
2025-04-05T23:19:02.284+07:00  INFO 1864 --- [    Test worker] o.s.d.j.r.query.QueryEnhancerFactory     : Hibernate is in classpath; If applicable, HQL parser will be used.
2025-04-05T23:19:03.309+07:00  WARN 1864 --- [    Test worker] JpaBaseConfiguration$JpaWebConfiguration : spring.jpa.open-in-view is enabled by default. Therefore, database queries may be performed during view rendering. Explicitly configure spring.jpa.open-in-view to disable this warning
2025-04-05T23:19:04.880+07:00  INFO 1864 --- [    Test worker] o.s.s.web.DefaultSecurityFilterChain     : Will secure any request with [org.springframework.security.web.session.DisableEncodeUrlFilter@5c3c0e5, org.springframework.security.web.context.request.async.WebAsyncManagerIntegrationFilter@5620fac7, org.springframework.security.web.context.SecurityContextHolderFilter@14719b71, org.springframework.security.web.header.HeaderWriterFilter@4dea8205, org.springframework.web.filter.CorsFilter@3c1ab0e1, org.springframework.security.web.authentication.logout.LogoutFilter@5d160ce7, com.codegym.tikistore.security.JwtAuthFilter@7a9e618e, org.springframework.security.web.savedrequest.RequestCacheAwareFilter@66b27bd6, org.springframework.security.web.servletapi.SecurityContextHolderAwareRequestFilter@1b75f094, org.springframework.security.web.authentication.AnonymousAuthenticationFilter@5330160, org.springframework.security.web.session.SessionManagementFilter@2d3e28ba, org.springframework.security.web.access.ExceptionTranslationFilter@18a7c1f6, org.springframework.security.web.access.intercept.AuthorizationFilter@77648a90]
2025-04-05T23:19:05.646+07:00  INFO 1864 --- [    Test worker] c.c.tikistore.TikiStoreApplicationTests  : Started TikiStoreApplicationTests in 13.175 seconds (process running for 15.607)
]]></system-out>
  <system-err><![CDATA[WARNING: A Java agent has been loaded dynamically (C:\Users\ADMIN\.gradle\caches\modules-2\files-2.1\net.bytebuddy\byte-buddy-agent\1.14.10\90ed94ac044ea8953b224304c762316e91fd6b31\byte-buddy-agent-1.14.10.jar)
WARNING: If a serviceability tool is in use, please run with -XX:+EnableDynamicAgentLoading to hide this warning
WARNING: If a serviceability tool is not in use, please run with -Djdk.instrument.traceUsage for more information
WARNING: Dynamic loading of agents will be disallowed by default in a future release
]]></system-err>
</testsuite>
